{
  "RSpec": {
    "coverage": {
      "/Users/greg/OneDrive/My-Projects/dungeon-crawler-RUBY/lib/player.rb": [
        1,
        null,
        1,
        1,
        null,
        1,
        19,
        19,
        19,
        19,
        19,
        null,
        null,
        1,
        3,
        null,
        null,
        1,
        6,
        6,
        null,
        null,
        1,
        4,
        4,
        4,
        null,
        null,
        1,
        9,
        9,
        3,
        null,
        6,
        6,
        1,
        1,
        null,
        6,
        null,
        null,
        null,
        1,
        2,
        null,
        null,
        null
      ],
      "/Users/greg/OneDrive/My-Projects/dungeon-crawler-RUBY/lib/monster.rb": [
        1,
        1,
        null,
        1,
        19,
        19,
        null,
        null,
        1,
        1,
        null,
        null,
        1,
        13,
        13,
        5,
        null,
        null,
        null
      ],
      "/Users/greg/OneDrive/My-Projects/dungeon-crawler-RUBY/lib/map.rb": [
        1,
        1,
        1,
        null,
        1,
        1,
        null,
        1,
        null,
        null,
        null,
        null,
        null,
        null,
        null,
        null,
        null,
        null,
        null,
        null,
        null,
        null,
        null,
        null,
        null,
        null,
        null,
        null,
        null,
        null,
        null,
        1,
        null,
        null,
        null,
        null,
        null,
        null,
        null,
        null,
        null,
        1,
        4,
        4,
        4,
        null,
        null,
        1,
        1,
        21,
        420,
        121,
        299,
        1,
        298,
        2,
        296,
        1,
        295,
        1,
        294,
        1,
        null,
        293,
        null,
        null,
        21,
        null,
        1,
        null,
        null,
        1,
        12,
        12,
        12,
        154,
        154,
        2922,
        12,
        12,
        null,
        1,
        1,
        1,
        null,
        0,
        0,
        0,
        0,
        null,
        null,
        0,
        0,
        0,
        null,
        0,
        null,
        11,
        11,
        null,
        null,
        12,
        12,
        null,
        2910,
        null,
        154,
        null,
        null,
        null,
        1,
        2,
        2,
        2,
        24,
        24,
        449,
        2,
        2,
        null,
        0,
        0,
        0,
        null,
        0,
        0,
        0,
        0,
        null,
        null,
        1,
        1,
        1,
        null,
        0,
        null,
        1,
        1,
        null,
        null,
        2,
        2,
        null,
        447,
        null,
        24,
        null,
        null,
        null,
        1,
        15,
        15,
        15,
        15,
        180,
        180,
        3365,
        15,
        15,
        null,
        0,
        0,
        0,
        null,
        1,
        1,
        0,
        0,
        null,
        null,
        0,
        0,
        0,
        null,
        0,
        null,
        14,
        14,
        null,
        null,
        15,
        15,
        null,
        3350,
        null,
        180,
        180,
        null,
        null,
        null,
        1,
        23,
        23,
        23,
        23,
        278,
        278,
        5237,
        23,
        23,
        null,
        1,
        1,
        1,
        null,
        0,
        0,
        0,
        0,
        null,
        null,
        0,
        0,
        0,
        null,
        0,
        null,
        22,
        22,
        null,
        null,
        23,
        23,
        null,
        5214,
        null,
        278,
        278,
        null,
        null,
        null,
        null,
        null
      ],
      "/Users/greg/OneDrive/My-Projects/dungeon-crawler-RUBY/spec/lib/monster_spec.rb": [
        1,
        null,
        1,
        null,
        8,
        null,
        1,
        1,
        1,
        null,
        null,
        1,
        1,
        1,
        null,
        null,
        null,
        1,
        1,
        1,
        null,
        null,
        null,
        1,
        1,
        1,
        1,
        null,
        1,
        1,
        1,
        null,
        1,
        1,
        1,
        null,
        1,
        1,
        1,
        null,
        null,
        null,
        null,
        null
      ],
      "/Users/greg/OneDrive/My-Projects/dungeon-crawler-RUBY/spec/lib/player_spec.rb": [
        1,
        null,
        1,
        null,
        16,
        6,
        2,
        2,
        2,
        null,
        1,
        1,
        1,
        null,
        null,
        1,
        1,
        1,
        1,
        1,
        null,
        null,
        1,
        2,
        null,
        null,
        null,
        1,
        1,
        1,
        1,
        null,
        null,
        null,
        1,
        1,
        1,
        1,
        null,
        1,
        1,
        1,
        null,
        1,
        1,
        1,
        null,
        null,
        null,
        1,
        1,
        1,
        1,
        null,
        1,
        1,
        1,
        null,
        null,
        null,
        1,
        1,
        1,
        1,
        null,
        1,
        1,
        1,
        null,
        1,
        1,
        1,
        1,
        null,
        1,
        1,
        1,
        1,
        1,
        1,
        1,
        null,
        1,
        1,
        1,
        null,
        null,
        null,
        1,
        1,
        2,
        null,
        null,
        null,
        null
      ]
    },
    "timestamp": 1516586796
  }
}
